<?xml version="1.0" encoding="UTF-8"?>
<!-- Generated by org.testng.reporters.JUnitXMLReporter -->
<testsuite hostname="DESKTOP-46RI3CE" ignored="0" name="Test" tests="7" failures="0" timestamp="2020-06-29T17:14:23 IST" time="0.246" errors="0">
  <testcase name="first" time="0.026" classname="Testingmvn.Testmvn"/>
  <testcase name="third" time="0.004" classname="Testingmvn.Testmvn"/>
  <testcase name="second" time="0.007" classname="Testingmvn.Testmvn"/>
  <testcase name="first" time="0.005" classname="Testingmvn.Testsecond"/>
  <testcase name="second" time="0.003" classname="Testingmvn.Testsecond"/>
  <testcase name="second" time="0.006" classname="Testingmvn.Testsecond"/>
  <testcase name="second" time="0.005" classname="Testingmvn.Testsecond"/>
</testsuite> <!-- Test -->
