<?xml version="1.0" encoding="UTF-8"?>
<!-- Generated by org.testng.reporters.JUnitXMLReporter -->
<testsuite hostname="DESKTOP-46RI3CE" ignored="0" name="Command line test" tests="7" failures="1" timestamp="2020-06-29T18:25:39 IST" time="0.37" errors="0">
  <testcase name="first" time="0.004" classname="Testingmvn.Testmvn"/>
  <testcase name="third" time="0.002" classname="Testingmvn.Testmvn"/>
  <testcase name="second" time="0.001" classname="Testingmvn.Testmvn"/>
  <testcase name="first" time="0.0" classname="Testingmvn.Testsecond">
    <failure type="org.testng.TestNGException" message="
Parameter &amp;apos;url&amp;apos; is required by @Test on method first but has not been marked @Optional or defined
">
      <![CDATA[org.testng.TestNGException: 
Parameter 'url' is required by @Test on method first but has not been marked @Optional or defined

at java.util.ArrayList.forEach(ArrayList.java:1257)
... Removed 36 stack frames]]>
    </failure>
  </testcase> <!-- first -->
  <testcase name="second" time="0.002" classname="Testingmvn.Testsecond"/>
  <testcase name="second" time="0.001" classname="Testingmvn.Testsecond"/>
  <testcase name="second" time="0.003" classname="Testingmvn.Testsecond"/>
</testsuite> <!-- Command line test -->
