<?xml version="1.0" encoding="UTF-8"?>
<!-- Generated by org.testng.reporters.JUnitXMLReporter -->
<testsuite hostname="DESKTOP-46RI3CE" ignored="0" name="Test" tests="7" failures="0" timestamp="2020-06-29T18:28:15 IST" time="0.312" errors="0">
  <testcase name="first" time="0.009" classname="Testingmvn.Testmvn"/>
  <testcase name="third" time="0.001" classname="Testingmvn.Testmvn"/>
  <testcase name="second" time="0.001" classname="Testingmvn.Testmvn"/>
  <testcase name="first" time="0.001" classname="Testingmvn.Testsecond"/>
  <testcase name="second" time="0.002" classname="Testingmvn.Testsecond"/>
  <testcase name="second" time="0.008" classname="Testingmvn.Testsecond"/>
  <testcase name="second" time="0.001" classname="Testingmvn.Testsecond"/>
</testsuite> <!-- Test -->
